<?xml version="1.0" encoding="UTF-8"?>
<!-- Generated by org.testng.reporters.JUnitXMLReporter -->
<testsuite hostname="Sudhir" ignored="0" name="Regression Validation Test" tests="1" failures="1" timestamp="11 May 2020 11:23:46 GMT" time="0.013" errors="0">
  <testcase name="validateTitles" time="0.007" classname="regression.TestCase2">
    <failure type="java.lang.AssertionError" message="Gmail.com expected:&amp;lt;Yahoo.com&amp;gt; but was:&amp;lt;Title not matching&amp;gt;">
      <![CDATA[java.lang.AssertionError: Gmail.com expected:<Yahoo.com> but was:<Title not matching>
at regression.TestCase2.validateTitles(TestCase2.java:20)
... Removed 27 stack frames]]>
    </failure>
  </testcase> <!-- validateTitles -->
</testsuite> <!-- Regression Validation Test -->
